Connecting to host 10.0.0.3, port 7777
[  5] local 10.0.0.4 port 40999 connected to 10.0.0.3 port 7777
[ ID] Interval           Transfer     Bitrate         Total Datagrams
[  5]   0.00-1.00   sec  1.19 MBytes  9.97 Mbits/sec  863  
[  5]   1.00-2.00   sec  1.19 MBytes  10.0 Mbits/sec  863  
[  5]   2.00-3.00   sec  1.19 MBytes  10.0 Mbits/sec  864  
[  5]   3.00-4.00   sec  1.19 MBytes  10.0 Mbits/sec  863  
[  5]   4.00-5.00   sec  1.19 MBytes  10.0 Mbits/sec  863  
[  5]   5.00-6.00   sec  1.19 MBytes  9.99 Mbits/sec  863  
[  5]   6.00-7.00   sec  1.19 MBytes  10.0 Mbits/sec  864  
[  5]   7.00-8.00   sec  1.19 MBytes  10.0 Mbits/sec  863  
[  5]   8.00-9.00   sec  1.19 MBytes  10.0 Mbits/sec  863  
[  5]   9.00-10.00  sec  1.19 MBytes  10.0 Mbits/sec  864  
[  5]  10.00-11.00  sec  1.19 MBytes  10.0 Mbits/sec  863  
[  5]  11.00-12.00  sec  1.19 MBytes  10.0 Mbits/sec  863  
[  5]  12.00-13.00  sec  1.19 MBytes  10.0 Mbits/sec  863  
[  5]  13.00-14.00  sec  1.19 MBytes  10.0 Mbits/sec  864  
[  5]  14.00-15.00  sec  1.19 MBytes  10.0 Mbits/sec  863  
[  5]  15.00-16.00  sec  1.19 MBytes  10.0 Mbits/sec  863  
[  5]  16.00-17.00  sec  1.19 MBytes  10.0 Mbits/sec  863  
[  5]  17.00-18.00  sec  1.19 MBytes  10.0 Mbits/sec  863  
[  5]  18.00-19.00  sec  1.19 MBytes  10.0 Mbits/sec  864  
[  5]  19.00-20.00  sec  1.19 MBytes  9.99 Mbits/sec  863  
[  5]  20.00-21.00  sec  1.19 MBytes  10.0 Mbits/sec  863  
[  5]  21.00-22.00  sec  1.19 MBytes  10.0 Mbits/sec  864  
[  5]  22.00-23.00  sec  1.19 MBytes  10.0 Mbits/sec  863  
[  5]  23.00-24.00  sec  1.19 MBytes  10.0 Mbits/sec  863  
[  5]  24.00-25.00  sec  1.19 MBytes  10.0 Mbits/sec  863  
[  5]  25.00-26.00  sec  1.19 MBytes  10.0 Mbits/sec  863  
[  5]  26.00-27.00  sec  1.19 MBytes  10.0 Mbits/sec  864  
[  5]  27.00-28.00  sec  1.19 MBytes  10.0 Mbits/sec  863  
[  5]  28.00-29.00  sec  1.19 MBytes  10.0 Mbits/sec  864  
[  5]  29.00-30.00  sec  1.19 MBytes  9.98 Mbits/sec  862  
[  5]  30.00-31.00  sec  1.19 MBytes  10.0 Mbits/sec  864  
[  5]  31.00-32.00  sec  1.19 MBytes  10.0 Mbits/sec  863  
[  5]  32.00-33.00  sec  1.19 MBytes  10.0 Mbits/sec  864  
[  5]  33.00-34.00  sec  1.19 MBytes  10.0 Mbits/sec  863  
[  5]  34.00-35.00  sec  1.19 MBytes  10.0 Mbits/sec  863  
[  5]  35.00-36.00  sec  1.19 MBytes  10.0 Mbits/sec  863  
[  5]  36.00-37.00  sec  1.19 MBytes  10.0 Mbits/sec  863  
[  5]  37.00-38.00  sec  1.19 MBytes  10.0 Mbits/sec  864  
[  5]  38.00-39.00  sec  1.19 MBytes  9.99 Mbits/sec  863  
[  5]  39.00-40.00  sec  1.19 MBytes  10.0 Mbits/sec  863  
[  5]  40.00-41.00  sec  1.19 MBytes  10.0 Mbits/sec  863  
[  5]  41.00-42.00  sec  1.19 MBytes  10.0 Mbits/sec  864  
[  5]  42.00-43.00  sec  1.19 MBytes  10.0 Mbits/sec  863  
[  5]  43.00-44.00  sec  1.19 MBytes  10.0 Mbits/sec  863  
[  5]  44.00-45.00  sec  1.19 MBytes  10.0 Mbits/sec  864  
[  5]  45.00-46.00  sec  1.19 MBytes  10.0 Mbits/sec  863  
[  5]  46.00-47.00  sec  1.19 MBytes  10.0 Mbits/sec  863  
[  5]  47.00-48.00  sec  1.19 MBytes  10.0 Mbits/sec  863  
[  5]  48.00-49.00  sec  1.19 MBytes  10.0 Mbits/sec  864  
[  5]  49.00-50.00  sec  1.19 MBytes  10.0 Mbits/sec  863  
- - - - - - - - - - - - - - - - - - - - - - - - -
[ ID] Interval           Transfer     Bitrate         Jitter    Lost/Total Datagrams
[  5]   0.00-50.00  sec  59.6 MBytes  10.0 Mbits/sec  0.000 ms  0/43163 (0%)  sender
[  5]   0.00-50.64  sec  13.2 MBytes  2.18 Mbits/sec  0.812 ms  33615/43163 (78%)  receiver

iperf Done.
